<?xml version="1.0" encoding="UTF-8"?>
<testsuite name="cl.global.logic.exercise.utilities.exceptions.CustomExceptionsHandlerTest" tests="2" skipped="0" failures="0" errors="0" timestamp="2020-02-17T08:03:55" hostname="CPX-VX0T9XIZ0C9" time="0.041">
  <properties/>
  <testcase name="handleNullPointerException" classname="cl.global.logic.exercise.utilities.exceptions.CustomExceptionsHandlerTest" time="0.035"/>
  <testcase name="handleConstraintViolationException" classname="cl.global.logic.exercise.utilities.exceptions.CustomExceptionsHandlerTest" time="0.005"/>
  <system-out><![CDATA[05:03:55.046 [Test worker] DEBUG org.springframework.test.context.junit4.SpringJUnit4ClassRunner - SpringJUnit4ClassRunner constructor called with [class cl.global.logic.exercise.utilities.exceptions.CustomExceptionsHandlerTest]
05:03:55.046 [Test worker] DEBUG org.springframework.test.context.BootstrapUtils - Instantiating CacheAwareContextLoaderDelegate from class [org.springframework.test.context.cache.DefaultCacheAwareContextLoaderDelegate]
05:03:55.047 [Test worker] DEBUG org.springframework.test.context.BootstrapUtils - Instantiating BootstrapContext using constructor [public org.springframework.test.context.support.DefaultBootstrapContext(java.lang.Class,org.springframework.test.context.CacheAwareContextLoaderDelegate)]
05:03:55.047 [Test worker] DEBUG org.springframework.test.context.BootstrapUtils - Instantiating TestContextBootstrapper for test class [cl.global.logic.exercise.utilities.exceptions.CustomExceptionsHandlerTest] from class [org.springframework.test.context.support.DefaultTestContextBootstrapper]
05:03:55.047 [Test worker] INFO org.springframework.test.context.support.DefaultTestContextBootstrapper - Neither @ContextConfiguration nor @ContextHierarchy found for test class [cl.global.logic.exercise.utilities.exceptions.CustomExceptionsHandlerTest], using DelegatingSmartContextLoader
05:03:55.048 [Test worker] DEBUG org.springframework.test.context.support.AbstractDelegatingSmartContextLoader - Delegating to GenericXmlContextLoader to process context configuration [ContextConfigurationAttributes@329f41ae declaringClass = 'cl.global.logic.exercise.utilities.exceptions.CustomExceptionsHandlerTest', classes = '{}', locations = '{}', inheritLocations = false, initializers = '{}', inheritInitializers = true, name = [null], contextLoaderClass = 'org.springframework.test.context.ContextLoader'].
05:03:55.049 [Test worker] DEBUG org.springframework.test.context.support.AbstractContextLoader - Did not detect default resource location for test class [cl.global.logic.exercise.utilities.exceptions.CustomExceptionsHandlerTest]: class path resource [cl/global/logic/exercise/utilities/exceptions/CustomExceptionsHandlerTest-context.xml] does not exist
05:03:55.049 [Test worker] INFO org.springframework.test.context.support.AbstractContextLoader - Could not detect default resource locations for test class [cl.global.logic.exercise.utilities.exceptions.CustomExceptionsHandlerTest]: no resource found for suffixes {-context.xml}.
05:03:55.049 [Test worker] DEBUG org.springframework.test.context.support.AbstractDelegatingSmartContextLoader - Delegating to AnnotationConfigContextLoader to process context configuration [ContextConfigurationAttributes@329f41ae declaringClass = 'cl.global.logic.exercise.utilities.exceptions.CustomExceptionsHandlerTest', classes = '{}', locations = '{}', inheritLocations = false, initializers = '{}', inheritInitializers = true, name = [null], contextLoaderClass = 'org.springframework.test.context.ContextLoader'].
05:03:55.049 [Test worker] INFO org.springframework.test.context.support.AnnotationConfigContextLoaderUtils - Could not detect default configuration classes for test class [cl.global.logic.exercise.utilities.exceptions.CustomExceptionsHandlerTest]: CustomExceptionsHandlerTest does not declare any static, non-private, non-final, nested classes annotated with @Configuration.
05:03:55.051 [Test worker] DEBUG org.springframework.test.context.support.ActiveProfilesUtils - Could not find an 'annotation declaring class' for annotation type [org.springframework.test.context.ActiveProfiles] and class [cl.global.logic.exercise.utilities.exceptions.CustomExceptionsHandlerTest]
05:03:55.051 [Test worker] DEBUG org.springframework.test.context.support.DefaultTestContextBootstrapper - @TestExecutionListeners is not present for class [cl.global.logic.exercise.utilities.exceptions.CustomExceptionsHandlerTest]: using defaults.
05:03:55.051 [Test worker] INFO org.springframework.test.context.support.DefaultTestContextBootstrapper - Loaded default TestExecutionListener class names from location [META-INF/spring.factories]: [org.springframework.boot.test.autoconfigure.restdocs.RestDocsTestExecutionListener, org.springframework.boot.test.autoconfigure.web.client.MockRestServiceServerResetTestExecutionListener, org.springframework.boot.test.autoconfigure.web.servlet.MockMvcPrintOnlyOnFailureTestExecutionListener, org.springframework.boot.test.autoconfigure.web.servlet.WebDriverTestExecutionListener, org.springframework.boot.test.mock.mockito.MockitoTestExecutionListener, org.springframework.boot.test.mock.mockito.ResetMocksTestExecutionListener, org.springframework.test.context.web.ServletTestExecutionListener, org.springframework.test.context.support.DirtiesContextBeforeModesTestExecutionListener, org.springframework.test.context.support.DependencyInjectionTestExecutionListener, org.springframework.test.context.support.DirtiesContextTestExecutionListener, org.springframework.test.context.transaction.TransactionalTestExecutionListener, org.springframework.test.context.jdbc.SqlScriptsTestExecutionListener]
05:03:55.052 [Test worker] INFO org.springframework.test.context.support.DefaultTestContextBootstrapper - Using TestExecutionListeners: [org.springframework.test.context.web.ServletTestExecutionListener@1dc63105, org.springframework.test.context.support.DirtiesContextBeforeModesTestExecutionListener@77a8ddd1, org.springframework.boot.test.mock.mockito.MockitoTestExecutionListener@2bc71047, org.springframework.test.context.support.DependencyInjectionTestExecutionListener@631db6a0, org.springframework.test.context.support.DirtiesContextTestExecutionListener@4fffeddf, org.springframework.test.context.transaction.TransactionalTestExecutionListener@7e88e7a4, org.springframework.test.context.jdbc.SqlScriptsTestExecutionListener@6dde951a, org.springframework.boot.test.autoconfigure.restdocs.RestDocsTestExecutionListener@63f896b7, org.springframework.boot.test.autoconfigure.web.client.MockRestServiceServerResetTestExecutionListener@53591e02, org.springframework.boot.test.autoconfigure.web.servlet.MockMvcPrintOnlyOnFailureTestExecutionListener@6a55660a, org.springframework.boot.test.autoconfigure.web.servlet.WebDriverTestExecutionListener@733a481f, org.springframework.boot.test.mock.mockito.ResetMocksTestExecutionListener@54d035e1]
05:03:55.052 [Test worker] DEBUG org.springframework.test.annotation.ProfileValueUtils - Retrieved @ProfileValueSourceConfiguration [null] for test class [cl.global.logic.exercise.utilities.exceptions.CustomExceptionsHandlerTest]
05:03:55.052 [Test worker] DEBUG org.springframework.test.annotation.ProfileValueUtils - Retrieved ProfileValueSource type [class org.springframework.test.annotation.SystemProfileValueSource] for class [cl.global.logic.exercise.utilities.exceptions.CustomExceptionsHandlerTest]
05:03:55.052 [Test worker] DEBUG org.springframework.test.annotation.ProfileValueUtils - Retrieved @ProfileValueSourceConfiguration [null] for test class [cl.global.logic.exercise.utilities.exceptions.CustomExceptionsHandlerTest]
05:03:55.052 [Test worker] DEBUG org.springframework.test.annotation.ProfileValueUtils - Retrieved ProfileValueSource type [class org.springframework.test.annotation.SystemProfileValueSource] for class [cl.global.logic.exercise.utilities.exceptions.CustomExceptionsHandlerTest]
05:03:55.053 [Test worker] DEBUG org.springframework.test.context.support.AbstractDirtiesContextTestExecutionListener - Before test class: context [DefaultTestContext@4fe29877 testClass = CustomExceptionsHandlerTest, testInstance = [null], testMethod = [null], testException = [null], mergedContextConfiguration = [MergedContextConfiguration@ec6d2b7 testClass = CustomExceptionsHandlerTest, locations = '{}', classes = '{}', contextInitializerClasses = '[]', activeProfiles = '{}', propertySourceLocations = '{}', propertySourceProperties = '{}', contextCustomizers = set[org.springframework.boot.test.autoconfigure.properties.PropertyMappingContextCustomizer@0, org.springframework.boot.test.autoconfigure.web.servlet.WebDriverContextCustomizerFactory$Customizer@61d85e47, org.springframework.boot.test.context.filter.ExcludeFilterContextCustomizer@639c8f13, org.springframework.boot.test.json.DuplicateJsonObjectContextCustomizerFactory$DuplicateJsonObjectContextCustomizer@2dae8fe2, org.springframework.boot.test.mock.mockito.MockitoContextCustomizer@0], contextLoader = 'org.springframework.test.context.support.DelegatingSmartContextLoader', parent = [null]], attributes = map[[empty]]], class annotated with @DirtiesContext [false] with mode [null].
05:03:55.053 [Test worker] DEBUG org.springframework.test.annotation.ProfileValueUtils - Retrieved @ProfileValueSourceConfiguration [null] for test class [cl.global.logic.exercise.utilities.exceptions.CustomExceptionsHandlerTest]
05:03:55.053 [Test worker] DEBUG org.springframework.test.annotation.ProfileValueUtils - Retrieved ProfileValueSource type [class org.springframework.test.annotation.SystemProfileValueSource] for class [cl.global.logic.exercise.utilities.exceptions.CustomExceptionsHandlerTest]
05:03:55.054 [Test worker] DEBUG org.springframework.test.context.support.DependencyInjectionTestExecutionListener - Performing dependency injection for test context [[DefaultTestContext@4fe29877 testClass = CustomExceptionsHandlerTest, testInstance = cl.global.logic.exercise.utilities.exceptions.CustomExceptionsHandlerTest@2f9d09c0, testMethod = [null], testException = [null], mergedContextConfiguration = [MergedContextConfiguration@ec6d2b7 testClass = CustomExceptionsHandlerTest, locations = '{}', classes = '{}', contextInitializerClasses = '[]', activeProfiles = '{}', propertySourceLocations = '{}', propertySourceProperties = '{}', contextCustomizers = set[org.springframework.boot.test.autoconfigure.properties.PropertyMappingContextCustomizer@0, org.springframework.boot.test.autoconfigure.web.servlet.WebDriverContextCustomizerFactory$Customizer@61d85e47, org.springframework.boot.test.context.filter.ExcludeFilterContextCustomizer@639c8f13, org.springframework.boot.test.json.DuplicateJsonObjectContextCustomizerFactory$DuplicateJsonObjectContextCustomizer@2dae8fe2, org.springframework.boot.test.mock.mockito.MockitoContextCustomizer@0], contextLoader = 'org.springframework.test.context.support.DelegatingSmartContextLoader', parent = [null]], attributes = map[[empty]]]].
05:03:55.054 [Test worker] DEBUG org.springframework.test.context.cache.DefaultCacheAwareContextLoaderDelegate - Retrieved ApplicationContext from cache with key [[MergedContextConfiguration@ec6d2b7 testClass = CustomExceptionsHandlerTest, locations = '{}', classes = '{}', contextInitializerClasses = '[]', activeProfiles = '{}', propertySourceLocations = '{}', propertySourceProperties = '{}', contextCustomizers = set[org.springframework.boot.test.autoconfigure.properties.PropertyMappingContextCustomizer@0, org.springframework.boot.test.autoconfigure.web.servlet.WebDriverContextCustomizerFactory$Customizer@61d85e47, org.springframework.boot.test.context.filter.ExcludeFilterContextCustomizer@639c8f13, org.springframework.boot.test.json.DuplicateJsonObjectContextCustomizerFactory$DuplicateJsonObjectContextCustomizer@2dae8fe2, org.springframework.boot.test.mock.mockito.MockitoContextCustomizer@0], contextLoader = 'org.springframework.test.context.support.DelegatingSmartContextLoader', parent = [null]]]
05:03:55.054 [Test worker] DEBUG org.springframework.test.context.cache - Spring test ApplicationContext cache statistics: [DefaultContextCache@7b9dea54 size = 2, maxSize = 32, parentContextCount = 0, hitCount = 36, missCount = 2]
05:03:55.057 [Test worker] DEBUG org.springframework.test.context.support.AbstractDirtiesContextTestExecutionListener - Before test method: context [DefaultTestContext@4fe29877 testClass = CustomExceptionsHandlerTest, testInstance = cl.global.logic.exercise.utilities.exceptions.CustomExceptionsHandlerTest@2f9d09c0, testMethod = handleNullPointerException@CustomExceptionsHandlerTest, testException = [null], mergedContextConfiguration = [MergedContextConfiguration@ec6d2b7 testClass = CustomExceptionsHandlerTest, locations = '{}', classes = '{}', contextInitializerClasses = '[]', activeProfiles = '{}', propertySourceLocations = '{}', propertySourceProperties = '{}', contextCustomizers = set[org.springframework.boot.test.autoconfigure.properties.PropertyMappingContextCustomizer@0, org.springframework.boot.test.autoconfigure.web.servlet.WebDriverContextCustomizerFactory$Customizer@61d85e47, org.springframework.boot.test.context.filter.ExcludeFilterContextCustomizer@639c8f13, org.springframework.boot.test.json.DuplicateJsonObjectContextCustomizerFactory$DuplicateJsonObjectContextCustomizer@2dae8fe2, org.springframework.boot.test.mock.mockito.MockitoContextCustomizer@0], contextLoader = 'org.springframework.test.context.support.DelegatingSmartContextLoader', parent = [null]], attributes = map[[empty]]], class annotated with @DirtiesContext [false] with mode [null], method annotated with @DirtiesContext [false] with mode [null].
05:03:55.059 [Test worker] DEBUG org.springframework.test.context.cache.DefaultCacheAwareContextLoaderDelegate - Retrieved ApplicationContext from cache with key [[MergedContextConfiguration@ec6d2b7 testClass = CustomExceptionsHandlerTest, locations = '{}', classes = '{}', contextInitializerClasses = '[]', activeProfiles = '{}', propertySourceLocations = '{}', propertySourceProperties = '{}', contextCustomizers = set[org.springframework.boot.test.autoconfigure.properties.PropertyMappingContextCustomizer@0, org.springframework.boot.test.autoconfigure.web.servlet.WebDriverContextCustomizerFactory$Customizer@61d85e47, org.springframework.boot.test.context.filter.ExcludeFilterContextCustomizer@639c8f13, org.springframework.boot.test.json.DuplicateJsonObjectContextCustomizerFactory$DuplicateJsonObjectContextCustomizer@2dae8fe2, org.springframework.boot.test.mock.mockito.MockitoContextCustomizer@0], contextLoader = 'org.springframework.test.context.support.DelegatingSmartContextLoader', parent = [null]]]
05:03:55.059 [Test worker] DEBUG org.springframework.test.context.cache - Spring test ApplicationContext cache statistics: [DefaultContextCache@7b9dea54 size = 2, maxSize = 32, parentContextCount = 0, hitCount = 37, missCount = 2]
05:03:55.076 [Test worker] ERROR cl.global.logic.exercise.utilities.exceptions.CustomExceptionsHandler - Here I Am: Class:CustomExceptionsHandler, Method: handleNullPointerException, Message: nullPointerException
05:03:55.090 [Test worker] DEBUG org.springframework.test.context.cache.DefaultCacheAwareContextLoaderDelegate - Retrieved ApplicationContext from cache with key [[MergedContextConfiguration@ec6d2b7 testClass = CustomExceptionsHandlerTest, locations = '{}', classes = '{}', contextInitializerClasses = '[]', activeProfiles = '{}', propertySourceLocations = '{}', propertySourceProperties = '{}', contextCustomizers = set[org.springframework.boot.test.autoconfigure.properties.PropertyMappingContextCustomizer@0, org.springframework.boot.test.autoconfigure.web.servlet.WebDriverContextCustomizerFactory$Customizer@61d85e47, org.springframework.boot.test.context.filter.ExcludeFilterContextCustomizer@639c8f13, org.springframework.boot.test.json.DuplicateJsonObjectContextCustomizerFactory$DuplicateJsonObjectContextCustomizer@2dae8fe2, org.springframework.boot.test.mock.mockito.MockitoContextCustomizer@0], contextLoader = 'org.springframework.test.context.support.DelegatingSmartContextLoader', parent = [null]]]
05:03:55.090 [Test worker] DEBUG org.springframework.test.context.cache - Spring test ApplicationContext cache statistics: [DefaultContextCache@7b9dea54 size = 2, maxSize = 32, parentContextCount = 0, hitCount = 38, missCount = 2]
05:03:55.090 [Test worker] DEBUG org.springframework.test.context.cache.DefaultCacheAwareContextLoaderDelegate - Retrieved ApplicationContext from cache with key [[MergedContextConfiguration@ec6d2b7 testClass = CustomExceptionsHandlerTest, locations = '{}', classes = '{}', contextInitializerClasses = '[]', activeProfiles = '{}', propertySourceLocations = '{}', propertySourceProperties = '{}', contextCustomizers = set[org.springframework.boot.test.autoconfigure.properties.PropertyMappingContextCustomizer@0, org.springframework.boot.test.autoconfigure.web.servlet.WebDriverContextCustomizerFactory$Customizer@61d85e47, org.springframework.boot.test.context.filter.ExcludeFilterContextCustomizer@639c8f13, org.springframework.boot.test.json.DuplicateJsonObjectContextCustomizerFactory$DuplicateJsonObjectContextCustomizer@2dae8fe2, org.springframework.boot.test.mock.mockito.MockitoContextCustomizer@0], contextLoader = 'org.springframework.test.context.support.DelegatingSmartContextLoader', parent = [null]]]
05:03:55.090 [Test worker] DEBUG org.springframework.test.context.cache - Spring test ApplicationContext cache statistics: [DefaultContextCache@7b9dea54 size = 2, maxSize = 32, parentContextCount = 0, hitCount = 39, missCount = 2]
05:03:55.090 [Test worker] DEBUG org.springframework.test.context.cache.DefaultCacheAwareContextLoaderDelegate - Retrieved ApplicationContext from cache with key [[MergedContextConfiguration@ec6d2b7 testClass = CustomExceptionsHandlerTest, locations = '{}', classes = '{}', contextInitializerClasses = '[]', activeProfiles = '{}', propertySourceLocations = '{}', propertySourceProperties = '{}', contextCustomizers = set[org.springframework.boot.test.autoconfigure.properties.PropertyMappingContextCustomizer@0, org.springframework.boot.test.autoconfigure.web.servlet.WebDriverContextCustomizerFactory$Customizer@61d85e47, org.springframework.boot.test.context.filter.ExcludeFilterContextCustomizer@639c8f13, org.springframework.boot.test.json.DuplicateJsonObjectContextCustomizerFactory$DuplicateJsonObjectContextCustomizer@2dae8fe2, org.springframework.boot.test.mock.mockito.MockitoContextCustomizer@0], contextLoader = 'org.springframework.test.context.support.DelegatingSmartContextLoader', parent = [null]]]
05:03:55.090 [Test worker] DEBUG org.springframework.test.context.cache - Spring test ApplicationContext cache statistics: [DefaultContextCache@7b9dea54 size = 2, maxSize = 32, parentContextCount = 0, hitCount = 40, missCount = 2]
05:03:55.091 [Test worker] DEBUG org.springframework.test.context.support.AbstractDirtiesContextTestExecutionListener - After test method: context [DefaultTestContext@4fe29877 testClass = CustomExceptionsHandlerTest, testInstance = cl.global.logic.exercise.utilities.exceptions.CustomExceptionsHandlerTest@2f9d09c0, testMethod = handleNullPointerException@CustomExceptionsHandlerTest, testException = [null], mergedContextConfiguration = [MergedContextConfiguration@ec6d2b7 testClass = CustomExceptionsHandlerTest, locations = '{}', classes = '{}', contextInitializerClasses = '[]', activeProfiles = '{}', propertySourceLocations = '{}', propertySourceProperties = '{}', contextCustomizers = set[org.springframework.boot.test.autoconfigure.properties.PropertyMappingContextCustomizer@0, org.springframework.boot.test.autoconfigure.web.servlet.WebDriverContextCustomizerFactory$Customizer@61d85e47, org.springframework.boot.test.context.filter.ExcludeFilterContextCustomizer@639c8f13, org.springframework.boot.test.json.DuplicateJsonObjectContextCustomizerFactory$DuplicateJsonObjectContextCustomizer@2dae8fe2, org.springframework.boot.test.mock.mockito.MockitoContextCustomizer@0], contextLoader = 'org.springframework.test.context.support.DelegatingSmartContextLoader', parent = [null]], attributes = map[[empty]]], class annotated with @DirtiesContext [false] with mode [null], method annotated with @DirtiesContext [false] with mode [null].
05:03:55.091 [Test worker] DEBUG org.springframework.test.annotation.ProfileValueUtils - Retrieved @ProfileValueSourceConfiguration [null] for test class [cl.global.logic.exercise.utilities.exceptions.CustomExceptionsHandlerTest]
05:03:55.092 [Test worker] DEBUG org.springframework.test.annotation.ProfileValueUtils - Retrieved ProfileValueSource type [class org.springframework.test.annotation.SystemProfileValueSource] for class [cl.global.logic.exercise.utilities.exceptions.CustomExceptionsHandlerTest]
05:03:55.092 [Test worker] DEBUG org.springframework.test.context.support.DependencyInjectionTestExecutionListener - Performing dependency injection for test context [[DefaultTestContext@4fe29877 testClass = CustomExceptionsHandlerTest, testInstance = cl.global.logic.exercise.utilities.exceptions.CustomExceptionsHandlerTest@73333afd, testMethod = [null], testException = [null], mergedContextConfiguration = [MergedContextConfiguration@ec6d2b7 testClass = CustomExceptionsHandlerTest, locations = '{}', classes = '{}', contextInitializerClasses = '[]', activeProfiles = '{}', propertySourceLocations = '{}', propertySourceProperties = '{}', contextCustomizers = set[org.springframework.boot.test.autoconfigure.properties.PropertyMappingContextCustomizer@0, org.springframework.boot.test.autoconfigure.web.servlet.WebDriverContextCustomizerFactory$Customizer@61d85e47, org.springframework.boot.test.context.filter.ExcludeFilterContextCustomizer@639c8f13, org.springframework.boot.test.json.DuplicateJsonObjectContextCustomizerFactory$DuplicateJsonObjectContextCustomizer@2dae8fe2, org.springframework.boot.test.mock.mockito.MockitoContextCustomizer@0], contextLoader = 'org.springframework.test.context.support.DelegatingSmartContextLoader', parent = [null]], attributes = map[[empty]]]].
05:03:55.092 [Test worker] DEBUG org.springframework.test.context.cache.DefaultCacheAwareContextLoaderDelegate - Retrieved ApplicationContext from cache with key [[MergedContextConfiguration@ec6d2b7 testClass = CustomExceptionsHandlerTest, locations = '{}', classes = '{}', contextInitializerClasses = '[]', activeProfiles = '{}', propertySourceLocations = '{}', propertySourceProperties = '{}', contextCustomizers = set[org.springframework.boot.test.autoconfigure.properties.PropertyMappingContextCustomizer@0, org.springframework.boot.test.autoconfigure.web.servlet.WebDriverContextCustomizerFactory$Customizer@61d85e47, org.springframework.boot.test.context.filter.ExcludeFilterContextCustomizer@639c8f13, org.springframework.boot.test.json.DuplicateJsonObjectContextCustomizerFactory$DuplicateJsonObjectContextCustomizer@2dae8fe2, org.springframework.boot.test.mock.mockito.MockitoContextCustomizer@0], contextLoader = 'org.springframework.test.context.support.DelegatingSmartContextLoader', parent = [null]]]
05:03:55.092 [Test worker] DEBUG org.springframework.test.context.cache - Spring test ApplicationContext cache statistics: [DefaultContextCache@7b9dea54 size = 2, maxSize = 32, parentContextCount = 0, hitCount = 41, missCount = 2]
05:03:55.093 [Test worker] DEBUG org.springframework.test.context.support.AbstractDirtiesContextTestExecutionListener - Before test method: context [DefaultTestContext@4fe29877 testClass = CustomExceptionsHandlerTest, testInstance = cl.global.logic.exercise.utilities.exceptions.CustomExceptionsHandlerTest@73333afd, testMethod = handleConstraintViolationException@CustomExceptionsHandlerTest, testException = [null], mergedContextConfiguration = [MergedContextConfiguration@ec6d2b7 testClass = CustomExceptionsHandlerTest, locations = '{}', classes = '{}', contextInitializerClasses = '[]', activeProfiles = '{}', propertySourceLocations = '{}', propertySourceProperties = '{}', contextCustomizers = set[org.springframework.boot.test.autoconfigure.properties.PropertyMappingContextCustomizer@0, org.springframework.boot.test.autoconfigure.web.servlet.WebDriverContextCustomizerFactory$Customizer@61d85e47, org.springframework.boot.test.context.filter.ExcludeFilterContextCustomizer@639c8f13, org.springframework.boot.test.json.DuplicateJsonObjectContextCustomizerFactory$DuplicateJsonObjectContextCustomizer@2dae8fe2, org.springframework.boot.test.mock.mockito.MockitoContextCustomizer@0], contextLoader = 'org.springframework.test.context.support.DelegatingSmartContextLoader', parent = [null]], attributes = map[[empty]]], class annotated with @DirtiesContext [false] with mode [null], method annotated with @DirtiesContext [false] with mode [null].
05:03:55.094 [Test worker] DEBUG org.springframework.test.context.cache.DefaultCacheAwareContextLoaderDelegate - Retrieved ApplicationContext from cache with key [[MergedContextConfiguration@ec6d2b7 testClass = CustomExceptionsHandlerTest, locations = '{}', classes = '{}', contextInitializerClasses = '[]', activeProfiles = '{}', propertySourceLocations = '{}', propertySourceProperties = '{}', contextCustomizers = set[org.springframework.boot.test.autoconfigure.properties.PropertyMappingContextCustomizer@0, org.springframework.boot.test.autoconfigure.web.servlet.WebDriverContextCustomizerFactory$Customizer@61d85e47, org.springframework.boot.test.context.filter.ExcludeFilterContextCustomizer@639c8f13, org.springframework.boot.test.json.DuplicateJsonObjectContextCustomizerFactory$DuplicateJsonObjectContextCustomizer@2dae8fe2, org.springframework.boot.test.mock.mockito.MockitoContextCustomizer@0], contextLoader = 'org.springframework.test.context.support.DelegatingSmartContextLoader', parent = [null]]]
05:03:55.094 [Test worker] DEBUG org.springframework.test.context.cache - Spring test ApplicationContext cache statistics: [DefaultContextCache@7b9dea54 size = 2, maxSize = 32, parentContextCount = 0, hitCount = 42, missCount = 2]
05:03:55.095 [Test worker] ERROR cl.global.logic.exercise.utilities.exceptions.CustomExceptionsHandler - Here I Am: Class:CustomExceptionsHandler, Method: handleConstraintViolationException, Message: Email already exist.
05:03:55.095 [Test worker] DEBUG org.springframework.test.context.cache.DefaultCacheAwareContextLoaderDelegate - Retrieved ApplicationContext from cache with key [[MergedContextConfiguration@ec6d2b7 testClass = CustomExceptionsHandlerTest, locations = '{}', classes = '{}', contextInitializerClasses = '[]', activeProfiles = '{}', propertySourceLocations = '{}', propertySourceProperties = '{}', contextCustomizers = set[org.springframework.boot.test.autoconfigure.properties.PropertyMappingContextCustomizer@0, org.springframework.boot.test.autoconfigure.web.servlet.WebDriverContextCustomizerFactory$Customizer@61d85e47, org.springframework.boot.test.context.filter.ExcludeFilterContextCustomizer@639c8f13, org.springframework.boot.test.json.DuplicateJsonObjectContextCustomizerFactory$DuplicateJsonObjectContextCustomizer@2dae8fe2, org.springframework.boot.test.mock.mockito.MockitoContextCustomizer@0], contextLoader = 'org.springframework.test.context.support.DelegatingSmartContextLoader', parent = [null]]]
05:03:55.095 [Test worker] DEBUG org.springframework.test.context.cache - Spring test ApplicationContext cache statistics: [DefaultContextCache@7b9dea54 size = 2, maxSize = 32, parentContextCount = 0, hitCount = 43, missCount = 2]
05:03:55.095 [Test worker] DEBUG org.springframework.test.context.cache.DefaultCacheAwareContextLoaderDelegate - Retrieved ApplicationContext from cache with key [[MergedContextConfiguration@ec6d2b7 testClass = CustomExceptionsHandlerTest, locations = '{}', classes = '{}', contextInitializerClasses = '[]', activeProfiles = '{}', propertySourceLocations = '{}', propertySourceProperties = '{}', contextCustomizers = set[org.springframework.boot.test.autoconfigure.properties.PropertyMappingContextCustomizer@0, org.springframework.boot.test.autoconfigure.web.servlet.WebDriverContextCustomizerFactory$Customizer@61d85e47, org.springframework.boot.test.context.filter.ExcludeFilterContextCustomizer@639c8f13, org.springframework.boot.test.json.DuplicateJsonObjectContextCustomizerFactory$DuplicateJsonObjectContextCustomizer@2dae8fe2, org.springframework.boot.test.mock.mockito.MockitoContextCustomizer@0], contextLoader = 'org.springframework.test.context.support.DelegatingSmartContextLoader', parent = [null]]]
05:03:55.095 [Test worker] DEBUG org.springframework.test.context.cache - Spring test ApplicationContext cache statistics: [DefaultContextCache@7b9dea54 size = 2, maxSize = 32, parentContextCount = 0, hitCount = 44, missCount = 2]
05:03:55.096 [Test worker] DEBUG org.springframework.test.context.cache.DefaultCacheAwareContextLoaderDelegate - Retrieved ApplicationContext from cache with key [[MergedContextConfiguration@ec6d2b7 testClass = CustomExceptionsHandlerTest, locations = '{}', classes = '{}', contextInitializerClasses = '[]', activeProfiles = '{}', propertySourceLocations = '{}', propertySourceProperties = '{}', contextCustomizers = set[org.springframework.boot.test.autoconfigure.properties.PropertyMappingContextCustomizer@0, org.springframework.boot.test.autoconfigure.web.servlet.WebDriverContextCustomizerFactory$Customizer@61d85e47, org.springframework.boot.test.context.filter.ExcludeFilterContextCustomizer@639c8f13, org.springframework.boot.test.json.DuplicateJsonObjectContextCustomizerFactory$DuplicateJsonObjectContextCustomizer@2dae8fe2, org.springframework.boot.test.mock.mockito.MockitoContextCustomizer@0], contextLoader = 'org.springframework.test.context.support.DelegatingSmartContextLoader', parent = [null]]]
05:03:55.096 [Test worker] DEBUG org.springframework.test.context.cache - Spring test ApplicationContext cache statistics: [DefaultContextCache@7b9dea54 size = 2, maxSize = 32, parentContextCount = 0, hitCount = 45, missCount = 2]
05:03:55.097 [Test worker] DEBUG org.springframework.test.context.support.AbstractDirtiesContextTestExecutionListener - After test method: context [DefaultTestContext@4fe29877 testClass = CustomExceptionsHandlerTest, testInstance = cl.global.logic.exercise.utilities.exceptions.CustomExceptionsHandlerTest@73333afd, testMethod = handleConstraintViolationException@CustomExceptionsHandlerTest, testException = [null], mergedContextConfiguration = [MergedContextConfiguration@ec6d2b7 testClass = CustomExceptionsHandlerTest, locations = '{}', classes = '{}', contextInitializerClasses = '[]', activeProfiles = '{}', propertySourceLocations = '{}', propertySourceProperties = '{}', contextCustomizers = set[org.springframework.boot.test.autoconfigure.properties.PropertyMappingContextCustomizer@0, org.springframework.boot.test.autoconfigure.web.servlet.WebDriverContextCustomizerFactory$Customizer@61d85e47, org.springframework.boot.test.context.filter.ExcludeFilterContextCustomizer@639c8f13, org.springframework.boot.test.json.DuplicateJsonObjectContextCustomizerFactory$DuplicateJsonObjectContextCustomizer@2dae8fe2, org.springframework.boot.test.mock.mockito.MockitoContextCustomizer@0], contextLoader = 'org.springframework.test.context.support.DelegatingSmartContextLoader', parent = [null]], attributes = map[[empty]]], class annotated with @DirtiesContext [false] with mode [null], method annotated with @DirtiesContext [false] with mode [null].
05:03:55.097 [Test worker] DEBUG org.springframework.test.context.support.AbstractDirtiesContextTestExecutionListener - After test class: context [DefaultTestContext@4fe29877 testClass = CustomExceptionsHandlerTest, testInstance = [null], testMethod = [null], testException = [null], mergedContextConfiguration = [MergedContextConfiguration@ec6d2b7 testClass = CustomExceptionsHandlerTest, locations = '{}', classes = '{}', contextInitializerClasses = '[]', activeProfiles = '{}', propertySourceLocations = '{}', propertySourceProperties = '{}', contextCustomizers = set[org.springframework.boot.test.autoconfigure.properties.PropertyMappingContextCustomizer@0, org.springframework.boot.test.autoconfigure.web.servlet.WebDriverContextCustomizerFactory$Customizer@61d85e47, org.springframework.boot.test.context.filter.ExcludeFilterContextCustomizer@639c8f13, org.springframework.boot.test.json.DuplicateJsonObjectContextCustomizerFactory$DuplicateJsonObjectContextCustomizer@2dae8fe2, org.springframework.boot.test.mock.mockito.MockitoContextCustomizer@0], contextLoader = 'org.springframework.test.context.support.DelegatingSmartContextLoader', parent = [null]], attributes = map[[empty]]], class annotated with @DirtiesContext [false] with mode [null].
]]></system-out>
  <system-err><![CDATA[]]></system-err>
</testsuite>
