<?xml version="1.0" encoding="UTF-8"?>
<testsuite name="cl.global.logic.exercise.utilities.jwt.models.CustomUserDetailsTest" tests="1" skipped="0" failures="0" errors="0" timestamp="2020-02-17T16:28:51" hostname="CPX-VX0T9XIZ0C9" time="0.002">
  <properties/>
  <testcase name="customUserDetailsTest" classname="cl.global.logic.exercise.utilities.jwt.models.CustomUserDetailsTest" time="0.002"/>
  <system-out><![CDATA[]]></system-out>
  <system-err><![CDATA[]]></system-err>
</testsuite>
