<?xml version="1.0" encoding="UTF-8"?>
<testsuite name="cl.global.logic.exercise.usecase.getusers.GetUsersTest" tests="1" skipped="0" failures="0" errors="0" timestamp="2020-02-17T08:03:54" hostname="CPX-VX0T9XIZ0C9" time="0.061">
  <properties/>
  <testcase name="itShouldDoGetUsersWhenApiSuccess" classname="cl.global.logic.exercise.usecase.getusers.GetUsersTest" time="0.061"/>
  <system-out><![CDATA[05:03:54.973 [Test worker] DEBUG org.springframework.test.context.junit4.SpringJUnit4ClassRunner - SpringJUnit4ClassRunner constructor called with [class cl.global.logic.exercise.usecase.getusers.GetUsersTest]
05:03:54.974 [Test worker] DEBUG org.springframework.test.context.BootstrapUtils - Instantiating CacheAwareContextLoaderDelegate from class [org.springframework.test.context.cache.DefaultCacheAwareContextLoaderDelegate]
05:03:54.974 [Test worker] DEBUG org.springframework.test.context.BootstrapUtils - Instantiating BootstrapContext using constructor [public org.springframework.test.context.support.DefaultBootstrapContext(java.lang.Class,org.springframework.test.context.CacheAwareContextLoaderDelegate)]
05:03:54.974 [Test worker] DEBUG org.springframework.test.context.BootstrapUtils - Instantiating TestContextBootstrapper for test class [cl.global.logic.exercise.usecase.getusers.GetUsersTest] from class [org.springframework.test.context.support.DefaultTestContextBootstrapper]
05:03:54.974 [Test worker] INFO org.springframework.test.context.support.DefaultTestContextBootstrapper - Neither @ContextConfiguration nor @ContextHierarchy found for test class [cl.global.logic.exercise.usecase.getusers.GetUsersTest], using DelegatingSmartContextLoader
05:03:54.974 [Test worker] DEBUG org.springframework.test.context.support.AbstractDelegatingSmartContextLoader - Delegating to GenericXmlContextLoader to process context configuration [ContextConfigurationAttributes@30dc6e26 declaringClass = 'cl.global.logic.exercise.usecase.getusers.GetUsersTest', classes = '{}', locations = '{}', inheritLocations = false, initializers = '{}', inheritInitializers = true, name = [null], contextLoaderClass = 'org.springframework.test.context.ContextLoader'].
05:03:54.975 [Test worker] DEBUG org.springframework.test.context.support.AbstractContextLoader - Did not detect default resource location for test class [cl.global.logic.exercise.usecase.getusers.GetUsersTest]: class path resource [cl/global/logic/exercise/usecase/getusers/GetUsersTest-context.xml] does not exist
05:03:54.975 [Test worker] INFO org.springframework.test.context.support.AbstractContextLoader - Could not detect default resource locations for test class [cl.global.logic.exercise.usecase.getusers.GetUsersTest]: no resource found for suffixes {-context.xml}.
05:03:54.975 [Test worker] DEBUG org.springframework.test.context.support.AbstractDelegatingSmartContextLoader - Delegating to AnnotationConfigContextLoader to process context configuration [ContextConfigurationAttributes@30dc6e26 declaringClass = 'cl.global.logic.exercise.usecase.getusers.GetUsersTest', classes = '{}', locations = '{}', inheritLocations = false, initializers = '{}', inheritInitializers = true, name = [null], contextLoaderClass = 'org.springframework.test.context.ContextLoader'].
05:03:54.975 [Test worker] INFO org.springframework.test.context.support.AnnotationConfigContextLoaderUtils - Could not detect default configuration classes for test class [cl.global.logic.exercise.usecase.getusers.GetUsersTest]: GetUsersTest does not declare any static, non-private, non-final, nested classes annotated with @Configuration.
05:03:54.977 [Test worker] DEBUG org.springframework.test.context.support.ActiveProfilesUtils - Could not find an 'annotation declaring class' for annotation type [org.springframework.test.context.ActiveProfiles] and class [cl.global.logic.exercise.usecase.getusers.GetUsersTest]
05:03:54.977 [Test worker] DEBUG org.springframework.test.context.support.DefaultTestContextBootstrapper - @TestExecutionListeners is not present for class [cl.global.logic.exercise.usecase.getusers.GetUsersTest]: using defaults.
05:03:54.977 [Test worker] INFO org.springframework.test.context.support.DefaultTestContextBootstrapper - Loaded default TestExecutionListener class names from location [META-INF/spring.factories]: [org.springframework.boot.test.autoconfigure.restdocs.RestDocsTestExecutionListener, org.springframework.boot.test.autoconfigure.web.client.MockRestServiceServerResetTestExecutionListener, org.springframework.boot.test.autoconfigure.web.servlet.MockMvcPrintOnlyOnFailureTestExecutionListener, org.springframework.boot.test.autoconfigure.web.servlet.WebDriverTestExecutionListener, org.springframework.boot.test.mock.mockito.MockitoTestExecutionListener, org.springframework.boot.test.mock.mockito.ResetMocksTestExecutionListener, org.springframework.test.context.web.ServletTestExecutionListener, org.springframework.test.context.support.DirtiesContextBeforeModesTestExecutionListener, org.springframework.test.context.support.DependencyInjectionTestExecutionListener, org.springframework.test.context.support.DirtiesContextTestExecutionListener, org.springframework.test.context.transaction.TransactionalTestExecutionListener, org.springframework.test.context.jdbc.SqlScriptsTestExecutionListener]
05:03:54.978 [Test worker] INFO org.springframework.test.context.support.DefaultTestContextBootstrapper - Using TestExecutionListeners: [org.springframework.test.context.web.ServletTestExecutionListener@7967c849, org.springframework.test.context.support.DirtiesContextBeforeModesTestExecutionListener@290e7819, org.springframework.boot.test.mock.mockito.MockitoTestExecutionListener@33efe284, org.springframework.test.context.support.DependencyInjectionTestExecutionListener@60910781, org.springframework.test.context.support.DirtiesContextTestExecutionListener@2773ae5a, org.springframework.test.context.transaction.TransactionalTestExecutionListener@7d67c41d, org.springframework.test.context.jdbc.SqlScriptsTestExecutionListener@3150f2f7, org.springframework.boot.test.autoconfigure.restdocs.RestDocsTestExecutionListener@59154653, org.springframework.boot.test.autoconfigure.web.client.MockRestServiceServerResetTestExecutionListener@632e3255, org.springframework.boot.test.autoconfigure.web.servlet.MockMvcPrintOnlyOnFailureTestExecutionListener@202a5501, org.springframework.boot.test.autoconfigure.web.servlet.WebDriverTestExecutionListener@16dbdcb9, org.springframework.boot.test.mock.mockito.ResetMocksTestExecutionListener@650f27ef]
05:03:54.978 [Test worker] DEBUG org.springframework.test.annotation.ProfileValueUtils - Retrieved @ProfileValueSourceConfiguration [null] for test class [cl.global.logic.exercise.usecase.getusers.GetUsersTest]
05:03:54.978 [Test worker] DEBUG org.springframework.test.annotation.ProfileValueUtils - Retrieved ProfileValueSource type [class org.springframework.test.annotation.SystemProfileValueSource] for class [cl.global.logic.exercise.usecase.getusers.GetUsersTest]
05:03:54.978 [Test worker] DEBUG org.springframework.test.annotation.ProfileValueUtils - Retrieved @ProfileValueSourceConfiguration [null] for test class [cl.global.logic.exercise.usecase.getusers.GetUsersTest]
05:03:54.978 [Test worker] DEBUG org.springframework.test.annotation.ProfileValueUtils - Retrieved ProfileValueSource type [class org.springframework.test.annotation.SystemProfileValueSource] for class [cl.global.logic.exercise.usecase.getusers.GetUsersTest]
05:03:54.979 [Test worker] DEBUG org.springframework.test.context.support.AbstractDirtiesContextTestExecutionListener - Before test class: context [DefaultTestContext@77a11d81 testClass = GetUsersTest, testInstance = [null], testMethod = [null], testException = [null], mergedContextConfiguration = [MergedContextConfiguration@551dc29 testClass = GetUsersTest, locations = '{}', classes = '{}', contextInitializerClasses = '[]', activeProfiles = '{}', propertySourceLocations = '{}', propertySourceProperties = '{}', contextCustomizers = set[org.springframework.boot.test.autoconfigure.properties.PropertyMappingContextCustomizer@0, org.springframework.boot.test.autoconfigure.web.servlet.WebDriverContextCustomizerFactory$Customizer@61d85e47, org.springframework.boot.test.context.filter.ExcludeFilterContextCustomizer@639c8f13, org.springframework.boot.test.json.DuplicateJsonObjectContextCustomizerFactory$DuplicateJsonObjectContextCustomizer@2dae8fe2, org.springframework.boot.test.mock.mockito.MockitoContextCustomizer@0], contextLoader = 'org.springframework.test.context.support.DelegatingSmartContextLoader', parent = [null]], attributes = map[[empty]]], class annotated with @DirtiesContext [false] with mode [null].
05:03:54.979 [Test worker] DEBUG org.springframework.test.annotation.ProfileValueUtils - Retrieved @ProfileValueSourceConfiguration [null] for test class [cl.global.logic.exercise.usecase.getusers.GetUsersTest]
05:03:54.979 [Test worker] DEBUG org.springframework.test.annotation.ProfileValueUtils - Retrieved ProfileValueSource type [class org.springframework.test.annotation.SystemProfileValueSource] for class [cl.global.logic.exercise.usecase.getusers.GetUsersTest]
05:03:54.980 [Test worker] DEBUG org.springframework.test.context.support.DependencyInjectionTestExecutionListener - Performing dependency injection for test context [[DefaultTestContext@77a11d81 testClass = GetUsersTest, testInstance = cl.global.logic.exercise.usecase.getusers.GetUsersTest@57e6e7ed, testMethod = [null], testException = [null], mergedContextConfiguration = [MergedContextConfiguration@551dc29 testClass = GetUsersTest, locations = '{}', classes = '{}', contextInitializerClasses = '[]', activeProfiles = '{}', propertySourceLocations = '{}', propertySourceProperties = '{}', contextCustomizers = set[org.springframework.boot.test.autoconfigure.properties.PropertyMappingContextCustomizer@0, org.springframework.boot.test.autoconfigure.web.servlet.WebDriverContextCustomizerFactory$Customizer@61d85e47, org.springframework.boot.test.context.filter.ExcludeFilterContextCustomizer@639c8f13, org.springframework.boot.test.json.DuplicateJsonObjectContextCustomizerFactory$DuplicateJsonObjectContextCustomizer@2dae8fe2, org.springframework.boot.test.mock.mockito.MockitoContextCustomizer@0], contextLoader = 'org.springframework.test.context.support.DelegatingSmartContextLoader', parent = [null]], attributes = map[[empty]]]].
05:03:54.980 [Test worker] DEBUG org.springframework.test.context.cache.DefaultCacheAwareContextLoaderDelegate - Retrieved ApplicationContext from cache with key [[MergedContextConfiguration@551dc29 testClass = GetUsersTest, locations = '{}', classes = '{}', contextInitializerClasses = '[]', activeProfiles = '{}', propertySourceLocations = '{}', propertySourceProperties = '{}', contextCustomizers = set[org.springframework.boot.test.autoconfigure.properties.PropertyMappingContextCustomizer@0, org.springframework.boot.test.autoconfigure.web.servlet.WebDriverContextCustomizerFactory$Customizer@61d85e47, org.springframework.boot.test.context.filter.ExcludeFilterContextCustomizer@639c8f13, org.springframework.boot.test.json.DuplicateJsonObjectContextCustomizerFactory$DuplicateJsonObjectContextCustomizer@2dae8fe2, org.springframework.boot.test.mock.mockito.MockitoContextCustomizer@0], contextLoader = 'org.springframework.test.context.support.DelegatingSmartContextLoader', parent = [null]]]
05:03:54.981 [Test worker] DEBUG org.springframework.test.context.cache - Spring test ApplicationContext cache statistics: [DefaultContextCache@7b9dea54 size = 2, maxSize = 32, parentContextCount = 0, hitCount = 31, missCount = 2]
05:03:54.983 [Test worker] DEBUG org.springframework.test.context.support.AbstractDirtiesContextTestExecutionListener - Before test method: context [DefaultTestContext@77a11d81 testClass = GetUsersTest, testInstance = cl.global.logic.exercise.usecase.getusers.GetUsersTest@57e6e7ed, testMethod = itShouldDoGetUsersWhenApiSuccess@GetUsersTest, testException = [null], mergedContextConfiguration = [MergedContextConfiguration@551dc29 testClass = GetUsersTest, locations = '{}', classes = '{}', contextInitializerClasses = '[]', activeProfiles = '{}', propertySourceLocations = '{}', propertySourceProperties = '{}', contextCustomizers = set[org.springframework.boot.test.autoconfigure.properties.PropertyMappingContextCustomizer@0, org.springframework.boot.test.autoconfigure.web.servlet.WebDriverContextCustomizerFactory$Customizer@61d85e47, org.springframework.boot.test.context.filter.ExcludeFilterContextCustomizer@639c8f13, org.springframework.boot.test.json.DuplicateJsonObjectContextCustomizerFactory$DuplicateJsonObjectContextCustomizer@2dae8fe2, org.springframework.boot.test.mock.mockito.MockitoContextCustomizer@0], contextLoader = 'org.springframework.test.context.support.DelegatingSmartContextLoader', parent = [null]], attributes = map[[empty]]], class annotated with @DirtiesContext [false] with mode [null], method annotated with @DirtiesContext [false] with mode [null].
05:03:54.985 [Test worker] DEBUG org.springframework.test.context.cache.DefaultCacheAwareContextLoaderDelegate - Retrieved ApplicationContext from cache with key [[MergedContextConfiguration@551dc29 testClass = GetUsersTest, locations = '{}', classes = '{}', contextInitializerClasses = '[]', activeProfiles = '{}', propertySourceLocations = '{}', propertySourceProperties = '{}', contextCustomizers = set[org.springframework.boot.test.autoconfigure.properties.PropertyMappingContextCustomizer@0, org.springframework.boot.test.autoconfigure.web.servlet.WebDriverContextCustomizerFactory$Customizer@61d85e47, org.springframework.boot.test.context.filter.ExcludeFilterContextCustomizer@639c8f13, org.springframework.boot.test.json.DuplicateJsonObjectContextCustomizerFactory$DuplicateJsonObjectContextCustomizer@2dae8fe2, org.springframework.boot.test.mock.mockito.MockitoContextCustomizer@0], contextLoader = 'org.springframework.test.context.support.DelegatingSmartContextLoader', parent = [null]]]
05:03:54.985 [Test worker] DEBUG org.springframework.test.context.cache - Spring test ApplicationContext cache statistics: [DefaultContextCache@7b9dea54 size = 2, maxSize = 32, parentContextCount = 0, hitCount = 32, missCount = 2]
05:03:55.028 [Test worker] INFO cl.global.logic.exercise.usecases.getusers.GetUsersUseCase - Here I Am: Class:DoGetUsersUseCase, Method: findUserByEmail
05:03:55.028 [Test worker] INFO cl.global.logic.exercise.usecases.getusers.GetUsersUseCase - Here I Am: Class:DoGetUsersUseCase, Method: findUserByEmail, Action: Success Find Users
05:03:55.042 [Test worker] DEBUG org.springframework.test.context.cache.DefaultCacheAwareContextLoaderDelegate - Retrieved ApplicationContext from cache with key [[MergedContextConfiguration@551dc29 testClass = GetUsersTest, locations = '{}', classes = '{}', contextInitializerClasses = '[]', activeProfiles = '{}', propertySourceLocations = '{}', propertySourceProperties = '{}', contextCustomizers = set[org.springframework.boot.test.autoconfigure.properties.PropertyMappingContextCustomizer@0, org.springframework.boot.test.autoconfigure.web.servlet.WebDriverContextCustomizerFactory$Customizer@61d85e47, org.springframework.boot.test.context.filter.ExcludeFilterContextCustomizer@639c8f13, org.springframework.boot.test.json.DuplicateJsonObjectContextCustomizerFactory$DuplicateJsonObjectContextCustomizer@2dae8fe2, org.springframework.boot.test.mock.mockito.MockitoContextCustomizer@0], contextLoader = 'org.springframework.test.context.support.DelegatingSmartContextLoader', parent = [null]]]
05:03:55.042 [Test worker] DEBUG org.springframework.test.context.cache - Spring test ApplicationContext cache statistics: [DefaultContextCache@7b9dea54 size = 2, maxSize = 32, parentContextCount = 0, hitCount = 33, missCount = 2]
05:03:55.042 [Test worker] DEBUG org.springframework.test.context.cache.DefaultCacheAwareContextLoaderDelegate - Retrieved ApplicationContext from cache with key [[MergedContextConfiguration@551dc29 testClass = GetUsersTest, locations = '{}', classes = '{}', contextInitializerClasses = '[]', activeProfiles = '{}', propertySourceLocations = '{}', propertySourceProperties = '{}', contextCustomizers = set[org.springframework.boot.test.autoconfigure.properties.PropertyMappingContextCustomizer@0, org.springframework.boot.test.autoconfigure.web.servlet.WebDriverContextCustomizerFactory$Customizer@61d85e47, org.springframework.boot.test.context.filter.ExcludeFilterContextCustomizer@639c8f13, org.springframework.boot.test.json.DuplicateJsonObjectContextCustomizerFactory$DuplicateJsonObjectContextCustomizer@2dae8fe2, org.springframework.boot.test.mock.mockito.MockitoContextCustomizer@0], contextLoader = 'org.springframework.test.context.support.DelegatingSmartContextLoader', parent = [null]]]
05:03:55.042 [Test worker] DEBUG org.springframework.test.context.cache - Spring test ApplicationContext cache statistics: [DefaultContextCache@7b9dea54 size = 2, maxSize = 32, parentContextCount = 0, hitCount = 34, missCount = 2]
05:03:55.043 [Test worker] DEBUG org.springframework.test.context.cache.DefaultCacheAwareContextLoaderDelegate - Retrieved ApplicationContext from cache with key [[MergedContextConfiguration@551dc29 testClass = GetUsersTest, locations = '{}', classes = '{}', contextInitializerClasses = '[]', activeProfiles = '{}', propertySourceLocations = '{}', propertySourceProperties = '{}', contextCustomizers = set[org.springframework.boot.test.autoconfigure.properties.PropertyMappingContextCustomizer@0, org.springframework.boot.test.autoconfigure.web.servlet.WebDriverContextCustomizerFactory$Customizer@61d85e47, org.springframework.boot.test.context.filter.ExcludeFilterContextCustomizer@639c8f13, org.springframework.boot.test.json.DuplicateJsonObjectContextCustomizerFactory$DuplicateJsonObjectContextCustomizer@2dae8fe2, org.springframework.boot.test.mock.mockito.MockitoContextCustomizer@0], contextLoader = 'org.springframework.test.context.support.DelegatingSmartContextLoader', parent = [null]]]
05:03:55.043 [Test worker] DEBUG org.springframework.test.context.cache - Spring test ApplicationContext cache statistics: [DefaultContextCache@7b9dea54 size = 2, maxSize = 32, parentContextCount = 0, hitCount = 35, missCount = 2]
05:03:55.044 [Test worker] DEBUG org.springframework.test.context.support.AbstractDirtiesContextTestExecutionListener - After test method: context [DefaultTestContext@77a11d81 testClass = GetUsersTest, testInstance = cl.global.logic.exercise.usecase.getusers.GetUsersTest@57e6e7ed, testMethod = itShouldDoGetUsersWhenApiSuccess@GetUsersTest, testException = [null], mergedContextConfiguration = [MergedContextConfiguration@551dc29 testClass = GetUsersTest, locations = '{}', classes = '{}', contextInitializerClasses = '[]', activeProfiles = '{}', propertySourceLocations = '{}', propertySourceProperties = '{}', contextCustomizers = set[org.springframework.boot.test.autoconfigure.properties.PropertyMappingContextCustomizer@0, org.springframework.boot.test.autoconfigure.web.servlet.WebDriverContextCustomizerFactory$Customizer@61d85e47, org.springframework.boot.test.context.filter.ExcludeFilterContextCustomizer@639c8f13, org.springframework.boot.test.json.DuplicateJsonObjectContextCustomizerFactory$DuplicateJsonObjectContextCustomizer@2dae8fe2, org.springframework.boot.test.mock.mockito.MockitoContextCustomizer@0], contextLoader = 'org.springframework.test.context.support.DelegatingSmartContextLoader', parent = [null]], attributes = map[[empty]]], class annotated with @DirtiesContext [false] with mode [null], method annotated with @DirtiesContext [false] with mode [null].
05:03:55.045 [Test worker] DEBUG org.springframework.test.context.support.AbstractDirtiesContextTestExecutionListener - After test class: context [DefaultTestContext@77a11d81 testClass = GetUsersTest, testInstance = [null], testMethod = [null], testException = [null], mergedContextConfiguration = [MergedContextConfiguration@551dc29 testClass = GetUsersTest, locations = '{}', classes = '{}', contextInitializerClasses = '[]', activeProfiles = '{}', propertySourceLocations = '{}', propertySourceProperties = '{}', contextCustomizers = set[org.springframework.boot.test.autoconfigure.properties.PropertyMappingContextCustomizer@0, org.springframework.boot.test.autoconfigure.web.servlet.WebDriverContextCustomizerFactory$Customizer@61d85e47, org.springframework.boot.test.context.filter.ExcludeFilterContextCustomizer@639c8f13, org.springframework.boot.test.json.DuplicateJsonObjectContextCustomizerFactory$DuplicateJsonObjectContextCustomizer@2dae8fe2, org.springframework.boot.test.mock.mockito.MockitoContextCustomizer@0], contextLoader = 'org.springframework.test.context.support.DelegatingSmartContextLoader', parent = [null]], attributes = map[[empty]]], class annotated with @DirtiesContext [false] with mode [null].
]]></system-out>
  <system-err><![CDATA[]]></system-err>
</testsuite>
