<?xml version="1.0" encoding="UTF-8"?>
<testsuite name="cl.global.logic.exercise.usecase.dosignin.DoSignInTest" tests="2" skipped="0" failures="0" errors="0" timestamp="2020-02-17T08:03:32" hostname="CPX-VX0T9XIZ0C9" time="12.4">
  <properties/>
  <testcase name="itShouldDoSignInWhenApiFailure" classname="cl.global.logic.exercise.usecase.dosignin.DoSignInTest" time="0.754"/>
  <testcase name="itShouldDoSignInWhenApiSuccess" classname="cl.global.logic.exercise.usecase.dosignin.DoSignInTest" time="11.641"/>
  <system-out><![CDATA[05:03:30.363 [Test worker] DEBUG org.springframework.test.context.junit4.SpringJUnit4ClassRunner - SpringJUnit4ClassRunner constructor called with [class cl.global.logic.exercise.usecase.dosignin.DoSignInTest]
05:03:30.384 [Test worker] DEBUG org.springframework.test.context.BootstrapUtils - Instantiating CacheAwareContextLoaderDelegate from class [org.springframework.test.context.cache.DefaultCacheAwareContextLoaderDelegate]
05:03:30.407 [Test worker] DEBUG org.springframework.test.context.BootstrapUtils - Instantiating BootstrapContext using constructor [public org.springframework.test.context.support.DefaultBootstrapContext(java.lang.Class,org.springframework.test.context.CacheAwareContextLoaderDelegate)]
05:03:30.442 [Test worker] DEBUG org.springframework.test.context.BootstrapUtils - Instantiating TestContextBootstrapper for test class [cl.global.logic.exercise.usecase.dosignin.DoSignInTest] from class [org.springframework.test.context.support.DefaultTestContextBootstrapper]
05:03:30.469 [Test worker] INFO org.springframework.test.context.support.DefaultTestContextBootstrapper - Neither @ContextConfiguration nor @ContextHierarchy found for test class [cl.global.logic.exercise.usecase.dosignin.DoSignInTest], using DelegatingSmartContextLoader
05:03:30.482 [Test worker] DEBUG org.springframework.test.context.support.AbstractDelegatingSmartContextLoader - Delegating to GenericXmlContextLoader to process context configuration [ContextConfigurationAttributes@221d9c14 declaringClass = 'cl.global.logic.exercise.usecase.dosignin.DoSignInTest', classes = '{}', locations = '{}', inheritLocations = false, initializers = '{}', inheritInitializers = true, name = [null], contextLoaderClass = 'org.springframework.test.context.ContextLoader'].
05:03:30.487 [Test worker] DEBUG org.springframework.test.context.support.AbstractContextLoader - Did not detect default resource location for test class [cl.global.logic.exercise.usecase.dosignin.DoSignInTest]: class path resource [cl/global/logic/exercise/usecase/dosignin/DoSignInTest-context.xml] does not exist
05:03:30.487 [Test worker] INFO org.springframework.test.context.support.AbstractContextLoader - Could not detect default resource locations for test class [cl.global.logic.exercise.usecase.dosignin.DoSignInTest]: no resource found for suffixes {-context.xml}.
05:03:30.492 [Test worker] DEBUG org.springframework.test.context.support.AbstractDelegatingSmartContextLoader - Delegating to AnnotationConfigContextLoader to process context configuration [ContextConfigurationAttributes@221d9c14 declaringClass = 'cl.global.logic.exercise.usecase.dosignin.DoSignInTest', classes = '{}', locations = '{}', inheritLocations = false, initializers = '{}', inheritInitializers = true, name = [null], contextLoaderClass = 'org.springframework.test.context.ContextLoader'].
05:03:30.494 [Test worker] INFO org.springframework.test.context.support.AnnotationConfigContextLoaderUtils - Could not detect default configuration classes for test class [cl.global.logic.exercise.usecase.dosignin.DoSignInTest]: DoSignInTest does not declare any static, non-private, non-final, nested classes annotated with @Configuration.
05:03:30.611 [Test worker] DEBUG org.springframework.test.context.support.ActiveProfilesUtils - Could not find an 'annotation declaring class' for annotation type [org.springframework.test.context.ActiveProfiles] and class [cl.global.logic.exercise.usecase.dosignin.DoSignInTest]
05:03:30.615 [Test worker] DEBUG org.springframework.test.context.support.DefaultTestContextBootstrapper - @TestExecutionListeners is not present for class [cl.global.logic.exercise.usecase.dosignin.DoSignInTest]: using defaults.
05:03:30.617 [Test worker] INFO org.springframework.test.context.support.DefaultTestContextBootstrapper - Loaded default TestExecutionListener class names from location [META-INF/spring.factories]: [org.springframework.boot.test.autoconfigure.restdocs.RestDocsTestExecutionListener, org.springframework.boot.test.autoconfigure.web.client.MockRestServiceServerResetTestExecutionListener, org.springframework.boot.test.autoconfigure.web.servlet.MockMvcPrintOnlyOnFailureTestExecutionListener, org.springframework.boot.test.autoconfigure.web.servlet.WebDriverTestExecutionListener, org.springframework.boot.test.mock.mockito.MockitoTestExecutionListener, org.springframework.boot.test.mock.mockito.ResetMocksTestExecutionListener, org.springframework.test.context.web.ServletTestExecutionListener, org.springframework.test.context.support.DirtiesContextBeforeModesTestExecutionListener, org.springframework.test.context.support.DependencyInjectionTestExecutionListener, org.springframework.test.context.support.DirtiesContextTestExecutionListener, org.springframework.test.context.transaction.TransactionalTestExecutionListener, org.springframework.test.context.jdbc.SqlScriptsTestExecutionListener]
05:03:30.666 [Test worker] INFO org.springframework.test.context.support.DefaultTestContextBootstrapper - Using TestExecutionListeners: [org.springframework.test.context.web.ServletTestExecutionListener@433580db, org.springframework.test.context.support.DirtiesContextBeforeModesTestExecutionListener@51d0bde6, org.springframework.boot.test.mock.mockito.MockitoTestExecutionListener@6c2fadfb, org.springframework.test.context.support.DependencyInjectionTestExecutionListener@15e60fce, org.springframework.test.context.support.DirtiesContextTestExecutionListener@7a3a76f1, org.springframework.test.context.transaction.TransactionalTestExecutionListener@2e51cbdd, org.springframework.test.context.jdbc.SqlScriptsTestExecutionListener@3f80fb99, org.springframework.boot.test.autoconfigure.restdocs.RestDocsTestExecutionListener@1abd0bd8, org.springframework.boot.test.autoconfigure.web.client.MockRestServiceServerResetTestExecutionListener@33997b80, org.springframework.boot.test.autoconfigure.web.servlet.MockMvcPrintOnlyOnFailureTestExecutionListener@1336410d, org.springframework.boot.test.autoconfigure.web.servlet.WebDriverTestExecutionListener@2bd22cc1, org.springframework.boot.test.mock.mockito.ResetMocksTestExecutionListener@59c311a8]
05:03:30.672 [Test worker] DEBUG org.springframework.test.annotation.ProfileValueUtils - Retrieved @ProfileValueSourceConfiguration [null] for test class [cl.global.logic.exercise.usecase.dosignin.DoSignInTest]
05:03:30.675 [Test worker] DEBUG org.springframework.test.annotation.ProfileValueUtils - Retrieved ProfileValueSource type [class org.springframework.test.annotation.SystemProfileValueSource] for class [cl.global.logic.exercise.usecase.dosignin.DoSignInTest]
05:03:30.676 [Test worker] DEBUG org.springframework.test.annotation.ProfileValueUtils - Retrieved @ProfileValueSourceConfiguration [null] for test class [cl.global.logic.exercise.usecase.dosignin.DoSignInTest]
05:03:30.677 [Test worker] DEBUG org.springframework.test.annotation.ProfileValueUtils - Retrieved ProfileValueSource type [class org.springframework.test.annotation.SystemProfileValueSource] for class [cl.global.logic.exercise.usecase.dosignin.DoSignInTest]
05:03:30.682 [Test worker] DEBUG org.springframework.test.context.support.AbstractDirtiesContextTestExecutionListener - Before test class: context [DefaultTestContext@6afd250b testClass = DoSignInTest, testInstance = [null], testMethod = [null], testException = [null], mergedContextConfiguration = [MergedContextConfiguration@49287f6b testClass = DoSignInTest, locations = '{}', classes = '{}', contextInitializerClasses = '[]', activeProfiles = '{}', propertySourceLocations = '{}', propertySourceProperties = '{}', contextCustomizers = set[org.springframework.boot.test.autoconfigure.properties.PropertyMappingContextCustomizer@0, org.springframework.boot.test.autoconfigure.web.servlet.WebDriverContextCustomizerFactory$Customizer@61d85e47, org.springframework.boot.test.context.filter.ExcludeFilterContextCustomizer@639c8f13, org.springframework.boot.test.json.DuplicateJsonObjectContextCustomizerFactory$DuplicateJsonObjectContextCustomizer@2dae8fe2, org.springframework.boot.test.mock.mockito.MockitoContextCustomizer@22601916], contextLoader = 'org.springframework.test.context.support.DelegatingSmartContextLoader', parent = [null]], attributes = map[[empty]]], class annotated with @DirtiesContext [false] with mode [null].
05:03:30.684 [Test worker] DEBUG org.springframework.test.annotation.ProfileValueUtils - Retrieved @ProfileValueSourceConfiguration [null] for test class [cl.global.logic.exercise.usecase.dosignin.DoSignInTest]
05:03:30.684 [Test worker] DEBUG org.springframework.test.annotation.ProfileValueUtils - Retrieved ProfileValueSource type [class org.springframework.test.annotation.SystemProfileValueSource] for class [cl.global.logic.exercise.usecase.dosignin.DoSignInTest]
05:03:31.952 [Test worker] DEBUG org.springframework.test.context.support.AbstractDelegatingSmartContextLoader - Delegating to AnnotationConfigContextLoader to load context from [MergedContextConfiguration@49287f6b testClass = DoSignInTest, locations = '{}', classes = '{}', contextInitializerClasses = '[]', activeProfiles = '{}', propertySourceLocations = '{}', propertySourceProperties = '{}', contextCustomizers = set[org.springframework.boot.test.autoconfigure.properties.PropertyMappingContextCustomizer@0, org.springframework.boot.test.autoconfigure.web.servlet.WebDriverContextCustomizerFactory$Customizer@61d85e47, org.springframework.boot.test.context.filter.ExcludeFilterContextCustomizer@639c8f13, org.springframework.boot.test.json.DuplicateJsonObjectContextCustomizerFactory$DuplicateJsonObjectContextCustomizer@2dae8fe2, org.springframework.boot.test.mock.mockito.MockitoContextCustomizer@22601916], contextLoader = 'org.springframework.test.context.support.DelegatingSmartContextLoader', parent = [null]].
05:03:31.953 [Test worker] DEBUG org.springframework.test.context.support.AbstractGenericContextLoader - Loading ApplicationContext for merged context configuration [[MergedContextConfiguration@49287f6b testClass = DoSignInTest, locations = '{}', classes = '{}', contextInitializerClasses = '[]', activeProfiles = '{}', propertySourceLocations = '{}', propertySourceProperties = '{}', contextCustomizers = set[org.springframework.boot.test.autoconfigure.properties.PropertyMappingContextCustomizer@0, org.springframework.boot.test.autoconfigure.web.servlet.WebDriverContextCustomizerFactory$Customizer@61d85e47, org.springframework.boot.test.context.filter.ExcludeFilterContextCustomizer@639c8f13, org.springframework.boot.test.json.DuplicateJsonObjectContextCustomizerFactory$DuplicateJsonObjectContextCustomizer@2dae8fe2, org.springframework.boot.test.mock.mockito.MockitoContextCustomizer@22601916], contextLoader = 'org.springframework.test.context.support.DelegatingSmartContextLoader', parent = [null]]].
05:03:32.077 [Test worker] DEBUG org.springframework.core.env.StandardEnvironment - Activating profiles []
05:03:32.078 [Test worker] DEBUG org.springframework.test.context.support.AnnotationConfigContextLoader - Registering annotated classes: {}
05:03:32.127 [Test worker] DEBUG org.springframework.context.support.GenericApplicationContext - Refreshing org.springframework.context.support.GenericApplicationContext@5d26f40a
05:03:32.167 [Test worker] DEBUG org.springframework.beans.factory.support.DefaultListableBeanFactory - Creating shared instance of singleton bean 'org.springframework.context.annotation.internalConfigurationAnnotationProcessor'
05:03:32.255 [Test worker] DEBUG org.springframework.beans.factory.support.DefaultListableBeanFactory - Creating shared instance of singleton bean 'org.springframework.boot.test.mock.mockito.MockitoPostProcessor'
05:03:32.435 [Test worker] DEBUG org.springframework.beans.factory.support.DefaultListableBeanFactory - Creating shared instance of singleton bean 'org.springframework.context.event.internalEventListenerProcessor'
05:03:32.437 [Test worker] DEBUG org.springframework.beans.factory.support.DefaultListableBeanFactory - Creating shared instance of singleton bean 'org.springframework.context.event.internalEventListenerFactory'
05:03:32.439 [Test worker] DEBUG org.springframework.beans.factory.support.DefaultListableBeanFactory - Creating shared instance of singleton bean 'org.springframework.context.annotation.internalAutowiredAnnotationProcessor'
05:03:32.441 [Test worker] DEBUG org.springframework.beans.factory.support.DefaultListableBeanFactory - Creating shared instance of singleton bean 'org.springframework.context.annotation.internalCommonAnnotationProcessor'
05:03:32.448 [Test worker] DEBUG org.springframework.beans.factory.support.DefaultListableBeanFactory - Creating shared instance of singleton bean 'org.springframework.context.annotation.internalPersistenceAnnotationProcessor'
05:03:32.448 [Test worker] DEBUG org.springframework.beans.factory.support.DefaultListableBeanFactory - Creating shared instance of singleton bean 'org.springframework.boot.test.mock.mockito.MockitoPostProcessor$SpyPostProcessor'
05:03:32.495 [Test worker] DEBUG org.springframework.test.context.cache.DefaultCacheAwareContextLoaderDelegate - Storing ApplicationContext in cache under key [[MergedContextConfiguration@49287f6b testClass = DoSignInTest, locations = '{}', classes = '{}', contextInitializerClasses = '[]', activeProfiles = '{}', propertySourceLocations = '{}', propertySourceProperties = '{}', contextCustomizers = set[org.springframework.boot.test.autoconfigure.properties.PropertyMappingContextCustomizer@0, org.springframework.boot.test.autoconfigure.web.servlet.WebDriverContextCustomizerFactory$Customizer@61d85e47, org.springframework.boot.test.context.filter.ExcludeFilterContextCustomizer@639c8f13, org.springframework.boot.test.json.DuplicateJsonObjectContextCustomizerFactory$DuplicateJsonObjectContextCustomizer@2dae8fe2, org.springframework.boot.test.mock.mockito.MockitoContextCustomizer@22601916], contextLoader = 'org.springframework.test.context.support.DelegatingSmartContextLoader', parent = [null]]]
05:03:32.496 [Test worker] DEBUG org.springframework.test.context.cache - Spring test ApplicationContext cache statistics: [DefaultContextCache@7b9dea54 size = 1, maxSize = 32, parentContextCount = 0, hitCount = 0, missCount = 1]
05:03:32.499 [Test worker] DEBUG org.springframework.test.context.support.DependencyInjectionTestExecutionListener - Performing dependency injection for test context [[DefaultTestContext@6afd250b testClass = DoSignInTest, testInstance = cl.global.logic.exercise.usecase.dosignin.DoSignInTest@2206c57d, testMethod = [null], testException = [null], mergedContextConfiguration = [MergedContextConfiguration@49287f6b testClass = DoSignInTest, locations = '{}', classes = '{}', contextInitializerClasses = '[]', activeProfiles = '{}', propertySourceLocations = '{}', propertySourceProperties = '{}', contextCustomizers = set[org.springframework.boot.test.autoconfigure.properties.PropertyMappingContextCustomizer@0, org.springframework.boot.test.autoconfigure.web.servlet.WebDriverContextCustomizerFactory$Customizer@61d85e47, org.springframework.boot.test.context.filter.ExcludeFilterContextCustomizer@639c8f13, org.springframework.boot.test.json.DuplicateJsonObjectContextCustomizerFactory$DuplicateJsonObjectContextCustomizer@2dae8fe2, org.springframework.boot.test.mock.mockito.MockitoContextCustomizer@22601916], contextLoader = 'org.springframework.test.context.support.DelegatingSmartContextLoader', parent = [null]], attributes = map[[empty]]]].
05:03:32.500 [Test worker] DEBUG org.springframework.test.context.cache.DefaultCacheAwareContextLoaderDelegate - Retrieved ApplicationContext from cache with key [[MergedContextConfiguration@49287f6b testClass = DoSignInTest, locations = '{}', classes = '{}', contextInitializerClasses = '[]', activeProfiles = '{}', propertySourceLocations = '{}', propertySourceProperties = '{}', contextCustomizers = set[org.springframework.boot.test.autoconfigure.properties.PropertyMappingContextCustomizer@0, org.springframework.boot.test.autoconfigure.web.servlet.WebDriverContextCustomizerFactory$Customizer@61d85e47, org.springframework.boot.test.context.filter.ExcludeFilterContextCustomizer@639c8f13, org.springframework.boot.test.json.DuplicateJsonObjectContextCustomizerFactory$DuplicateJsonObjectContextCustomizer@2dae8fe2, org.springframework.boot.test.mock.mockito.MockitoContextCustomizer@22601916], contextLoader = 'org.springframework.test.context.support.DelegatingSmartContextLoader', parent = [null]]]
05:03:32.501 [Test worker] DEBUG org.springframework.test.context.cache - Spring test ApplicationContext cache statistics: [DefaultContextCache@7b9dea54 size = 1, maxSize = 32, parentContextCount = 0, hitCount = 1, missCount = 1]
05:03:32.529 [Test worker] DEBUG org.springframework.test.context.support.AbstractDirtiesContextTestExecutionListener - Before test method: context [DefaultTestContext@6afd250b testClass = DoSignInTest, testInstance = cl.global.logic.exercise.usecase.dosignin.DoSignInTest@2206c57d, testMethod = itShouldDoSignInWhenApiFailure@DoSignInTest, testException = [null], mergedContextConfiguration = [MergedContextConfiguration@49287f6b testClass = DoSignInTest, locations = '{}', classes = '{}', contextInitializerClasses = '[]', activeProfiles = '{}', propertySourceLocations = '{}', propertySourceProperties = '{}', contextCustomizers = set[org.springframework.boot.test.autoconfigure.properties.PropertyMappingContextCustomizer@0, org.springframework.boot.test.autoconfigure.web.servlet.WebDriverContextCustomizerFactory$Customizer@61d85e47, org.springframework.boot.test.context.filter.ExcludeFilterContextCustomizer@639c8f13, org.springframework.boot.test.json.DuplicateJsonObjectContextCustomizerFactory$DuplicateJsonObjectContextCustomizer@2dae8fe2, org.springframework.boot.test.mock.mockito.MockitoContextCustomizer@22601916], contextLoader = 'org.springframework.test.context.support.DelegatingSmartContextLoader', parent = [null]], attributes = map[[empty]]], class annotated with @DirtiesContext [false] with mode [null], method annotated with @DirtiesContext [false] with mode [null].
05:03:32.537 [Test worker] DEBUG org.springframework.test.context.cache.DefaultCacheAwareContextLoaderDelegate - Retrieved ApplicationContext from cache with key [[MergedContextConfiguration@49287f6b testClass = DoSignInTest, locations = '{}', classes = '{}', contextInitializerClasses = '[]', activeProfiles = '{}', propertySourceLocations = '{}', propertySourceProperties = '{}', contextCustomizers = set[org.springframework.boot.test.autoconfigure.properties.PropertyMappingContextCustomizer@0, org.springframework.boot.test.autoconfigure.web.servlet.WebDriverContextCustomizerFactory$Customizer@61d85e47, org.springframework.boot.test.context.filter.ExcludeFilterContextCustomizer@639c8f13, org.springframework.boot.test.json.DuplicateJsonObjectContextCustomizerFactory$DuplicateJsonObjectContextCustomizer@2dae8fe2, org.springframework.boot.test.mock.mockito.MockitoContextCustomizer@22601916], contextLoader = 'org.springframework.test.context.support.DelegatingSmartContextLoader', parent = [null]]]
05:03:32.537 [Test worker] DEBUG org.springframework.test.context.cache - Spring test ApplicationContext cache statistics: [DefaultContextCache@7b9dea54 size = 1, maxSize = 32, parentContextCount = 0, hitCount = 2, missCount = 1]
05:03:33.276 [Test worker] DEBUG org.springframework.test.context.cache.DefaultCacheAwareContextLoaderDelegate - Retrieved ApplicationContext from cache with key [[MergedContextConfiguration@49287f6b testClass = DoSignInTest, locations = '{}', classes = '{}', contextInitializerClasses = '[]', activeProfiles = '{}', propertySourceLocations = '{}', propertySourceProperties = '{}', contextCustomizers = set[org.springframework.boot.test.autoconfigure.properties.PropertyMappingContextCustomizer@0, org.springframework.boot.test.autoconfigure.web.servlet.WebDriverContextCustomizerFactory$Customizer@61d85e47, org.springframework.boot.test.context.filter.ExcludeFilterContextCustomizer@639c8f13, org.springframework.boot.test.json.DuplicateJsonObjectContextCustomizerFactory$DuplicateJsonObjectContextCustomizer@2dae8fe2, org.springframework.boot.test.mock.mockito.MockitoContextCustomizer@22601916], contextLoader = 'org.springframework.test.context.support.DelegatingSmartContextLoader', parent = [null]]]
05:03:33.276 [Test worker] DEBUG org.springframework.test.context.cache - Spring test ApplicationContext cache statistics: [DefaultContextCache@7b9dea54 size = 1, maxSize = 32, parentContextCount = 0, hitCount = 3, missCount = 1]
05:03:33.276 [Test worker] DEBUG org.springframework.test.context.cache.DefaultCacheAwareContextLoaderDelegate - Retrieved ApplicationContext from cache with key [[MergedContextConfiguration@49287f6b testClass = DoSignInTest, locations = '{}', classes = '{}', contextInitializerClasses = '[]', activeProfiles = '{}', propertySourceLocations = '{}', propertySourceProperties = '{}', contextCustomizers = set[org.springframework.boot.test.autoconfigure.properties.PropertyMappingContextCustomizer@0, org.springframework.boot.test.autoconfigure.web.servlet.WebDriverContextCustomizerFactory$Customizer@61d85e47, org.springframework.boot.test.context.filter.ExcludeFilterContextCustomizer@639c8f13, org.springframework.boot.test.json.DuplicateJsonObjectContextCustomizerFactory$DuplicateJsonObjectContextCustomizer@2dae8fe2, org.springframework.boot.test.mock.mockito.MockitoContextCustomizer@22601916], contextLoader = 'org.springframework.test.context.support.DelegatingSmartContextLoader', parent = [null]]]
05:03:33.276 [Test worker] DEBUG org.springframework.test.context.cache - Spring test ApplicationContext cache statistics: [DefaultContextCache@7b9dea54 size = 1, maxSize = 32, parentContextCount = 0, hitCount = 4, missCount = 1]
05:03:33.278 [Test worker] DEBUG org.springframework.test.context.cache.DefaultCacheAwareContextLoaderDelegate - Retrieved ApplicationContext from cache with key [[MergedContextConfiguration@49287f6b testClass = DoSignInTest, locations = '{}', classes = '{}', contextInitializerClasses = '[]', activeProfiles = '{}', propertySourceLocations = '{}', propertySourceProperties = '{}', contextCustomizers = set[org.springframework.boot.test.autoconfigure.properties.PropertyMappingContextCustomizer@0, org.springframework.boot.test.autoconfigure.web.servlet.WebDriverContextCustomizerFactory$Customizer@61d85e47, org.springframework.boot.test.context.filter.ExcludeFilterContextCustomizer@639c8f13, org.springframework.boot.test.json.DuplicateJsonObjectContextCustomizerFactory$DuplicateJsonObjectContextCustomizer@2dae8fe2, org.springframework.boot.test.mock.mockito.MockitoContextCustomizer@22601916], contextLoader = 'org.springframework.test.context.support.DelegatingSmartContextLoader', parent = [null]]]
05:03:33.278 [Test worker] DEBUG org.springframework.test.context.cache - Spring test ApplicationContext cache statistics: [DefaultContextCache@7b9dea54 size = 1, maxSize = 32, parentContextCount = 0, hitCount = 5, missCount = 1]
05:03:33.281 [Test worker] DEBUG org.springframework.test.context.support.AbstractDirtiesContextTestExecutionListener - After test method: context [DefaultTestContext@6afd250b testClass = DoSignInTest, testInstance = cl.global.logic.exercise.usecase.dosignin.DoSignInTest@2206c57d, testMethod = itShouldDoSignInWhenApiFailure@DoSignInTest, testException = [null], mergedContextConfiguration = [MergedContextConfiguration@49287f6b testClass = DoSignInTest, locations = '{}', classes = '{}', contextInitializerClasses = '[]', activeProfiles = '{}', propertySourceLocations = '{}', propertySourceProperties = '{}', contextCustomizers = set[org.springframework.boot.test.autoconfigure.properties.PropertyMappingContextCustomizer@0, org.springframework.boot.test.autoconfigure.web.servlet.WebDriverContextCustomizerFactory$Customizer@61d85e47, org.springframework.boot.test.context.filter.ExcludeFilterContextCustomizer@639c8f13, org.springframework.boot.test.json.DuplicateJsonObjectContextCustomizerFactory$DuplicateJsonObjectContextCustomizer@2dae8fe2, org.springframework.boot.test.mock.mockito.MockitoContextCustomizer@22601916], contextLoader = 'org.springframework.test.context.support.DelegatingSmartContextLoader', parent = [null]], attributes = map[[empty]]], class annotated with @DirtiesContext [false] with mode [null], method annotated with @DirtiesContext [false] with mode [null].
05:03:33.283 [Test worker] DEBUG org.springframework.test.annotation.ProfileValueUtils - Retrieved @ProfileValueSourceConfiguration [null] for test class [cl.global.logic.exercise.usecase.dosignin.DoSignInTest]
05:03:33.283 [Test worker] DEBUG org.springframework.test.annotation.ProfileValueUtils - Retrieved ProfileValueSource type [class org.springframework.test.annotation.SystemProfileValueSource] for class [cl.global.logic.exercise.usecase.dosignin.DoSignInTest]
05:03:33.285 [Test worker] DEBUG org.springframework.test.context.cache.DefaultCacheAwareContextLoaderDelegate - Retrieved ApplicationContext from cache with key [[MergedContextConfiguration@49287f6b testClass = DoSignInTest, locations = '{}', classes = '{}', contextInitializerClasses = '[]', activeProfiles = '{}', propertySourceLocations = '{}', propertySourceProperties = '{}', contextCustomizers = set[org.springframework.boot.test.autoconfigure.properties.PropertyMappingContextCustomizer@0, org.springframework.boot.test.autoconfigure.web.servlet.WebDriverContextCustomizerFactory$Customizer@61d85e47, org.springframework.boot.test.context.filter.ExcludeFilterContextCustomizer@639c8f13, org.springframework.boot.test.json.DuplicateJsonObjectContextCustomizerFactory$DuplicateJsonObjectContextCustomizer@2dae8fe2, org.springframework.boot.test.mock.mockito.MockitoContextCustomizer@22601916], contextLoader = 'org.springframework.test.context.support.DelegatingSmartContextLoader', parent = [null]]]
05:03:33.285 [Test worker] DEBUG org.springframework.test.context.cache - Spring test ApplicationContext cache statistics: [DefaultContextCache@7b9dea54 size = 1, maxSize = 32, parentContextCount = 0, hitCount = 6, missCount = 1]
05:03:33.286 [Test worker] DEBUG org.springframework.test.context.support.DependencyInjectionTestExecutionListener - Performing dependency injection for test context [[DefaultTestContext@6afd250b testClass = DoSignInTest, testInstance = cl.global.logic.exercise.usecase.dosignin.DoSignInTest@559cd82e, testMethod = [null], testException = [null], mergedContextConfiguration = [MergedContextConfiguration@49287f6b testClass = DoSignInTest, locations = '{}', classes = '{}', contextInitializerClasses = '[]', activeProfiles = '{}', propertySourceLocations = '{}', propertySourceProperties = '{}', contextCustomizers = set[org.springframework.boot.test.autoconfigure.properties.PropertyMappingContextCustomizer@0, org.springframework.boot.test.autoconfigure.web.servlet.WebDriverContextCustomizerFactory$Customizer@61d85e47, org.springframework.boot.test.context.filter.ExcludeFilterContextCustomizer@639c8f13, org.springframework.boot.test.json.DuplicateJsonObjectContextCustomizerFactory$DuplicateJsonObjectContextCustomizer@2dae8fe2, org.springframework.boot.test.mock.mockito.MockitoContextCustomizer@22601916], contextLoader = 'org.springframework.test.context.support.DelegatingSmartContextLoader', parent = [null]], attributes = map[[empty]]]].
05:03:33.286 [Test worker] DEBUG org.springframework.test.context.cache.DefaultCacheAwareContextLoaderDelegate - Retrieved ApplicationContext from cache with key [[MergedContextConfiguration@49287f6b testClass = DoSignInTest, locations = '{}', classes = '{}', contextInitializerClasses = '[]', activeProfiles = '{}', propertySourceLocations = '{}', propertySourceProperties = '{}', contextCustomizers = set[org.springframework.boot.test.autoconfigure.properties.PropertyMappingContextCustomizer@0, org.springframework.boot.test.autoconfigure.web.servlet.WebDriverContextCustomizerFactory$Customizer@61d85e47, org.springframework.boot.test.context.filter.ExcludeFilterContextCustomizer@639c8f13, org.springframework.boot.test.json.DuplicateJsonObjectContextCustomizerFactory$DuplicateJsonObjectContextCustomizer@2dae8fe2, org.springframework.boot.test.mock.mockito.MockitoContextCustomizer@22601916], contextLoader = 'org.springframework.test.context.support.DelegatingSmartContextLoader', parent = [null]]]
05:03:33.287 [Test worker] DEBUG org.springframework.test.context.cache - Spring test ApplicationContext cache statistics: [DefaultContextCache@7b9dea54 size = 1, maxSize = 32, parentContextCount = 0, hitCount = 7, missCount = 1]
05:03:33.288 [Test worker] DEBUG org.springframework.test.context.support.AbstractDirtiesContextTestExecutionListener - Before test method: context [DefaultTestContext@6afd250b testClass = DoSignInTest, testInstance = cl.global.logic.exercise.usecase.dosignin.DoSignInTest@559cd82e, testMethod = itShouldDoSignInWhenApiSuccess@DoSignInTest, testException = [null], mergedContextConfiguration = [MergedContextConfiguration@49287f6b testClass = DoSignInTest, locations = '{}', classes = '{}', contextInitializerClasses = '[]', activeProfiles = '{}', propertySourceLocations = '{}', propertySourceProperties = '{}', contextCustomizers = set[org.springframework.boot.test.autoconfigure.properties.PropertyMappingContextCustomizer@0, org.springframework.boot.test.autoconfigure.web.servlet.WebDriverContextCustomizerFactory$Customizer@61d85e47, org.springframework.boot.test.context.filter.ExcludeFilterContextCustomizer@639c8f13, org.springframework.boot.test.json.DuplicateJsonObjectContextCustomizerFactory$DuplicateJsonObjectContextCustomizer@2dae8fe2, org.springframework.boot.test.mock.mockito.MockitoContextCustomizer@22601916], contextLoader = 'org.springframework.test.context.support.DelegatingSmartContextLoader', parent = [null]], attributes = map[[empty]]], class annotated with @DirtiesContext [false] with mode [null], method annotated with @DirtiesContext [false] with mode [null].
05:03:33.289 [Test worker] DEBUG org.springframework.test.context.cache.DefaultCacheAwareContextLoaderDelegate - Retrieved ApplicationContext from cache with key [[MergedContextConfiguration@49287f6b testClass = DoSignInTest, locations = '{}', classes = '{}', contextInitializerClasses = '[]', activeProfiles = '{}', propertySourceLocations = '{}', propertySourceProperties = '{}', contextCustomizers = set[org.springframework.boot.test.autoconfigure.properties.PropertyMappingContextCustomizer@0, org.springframework.boot.test.autoconfigure.web.servlet.WebDriverContextCustomizerFactory$Customizer@61d85e47, org.springframework.boot.test.context.filter.ExcludeFilterContextCustomizer@639c8f13, org.springframework.boot.test.json.DuplicateJsonObjectContextCustomizerFactory$DuplicateJsonObjectContextCustomizer@2dae8fe2, org.springframework.boot.test.mock.mockito.MockitoContextCustomizer@22601916], contextLoader = 'org.springframework.test.context.support.DelegatingSmartContextLoader', parent = [null]]]
05:03:33.290 [Test worker] DEBUG org.springframework.test.context.cache - Spring test ApplicationContext cache statistics: [DefaultContextCache@7b9dea54 size = 1, maxSize = 32, parentContextCount = 0, hitCount = 8, missCount = 1]
05:03:44.876 [Test worker] INFO cl.global.logic.exercise.usecases.dosignin.DoSignInUseCase - Here I Am: Class:DoSignInUseCase, Method: doSignIn, Message: DoSignInRequest{email='email@example.com', password='$2a$16$cjn9CRHQVHs1vezeeAAy8ujJ1wNRjjstZJlDLQP2YaZTQlrJAcxNm'}
05:03:44.885 [Test worker] INFO cl.global.logic.exercise.usecases.dosignin.DoSignInUseCase - Here I Am: Class:DoSignInUseCase, Method: doSignIn, Action: getUser
05:03:44.885 [Test worker] INFO cl.global.logic.exercise.usecases.dosignin.DoSignInUseCase - Here I Am: Class:DoSignInUseCase, Method: doSignIn, Action: user authenticate, Message: []
05:03:44.886 [Test worker] INFO cl.global.logic.exercise.usecases.dosignin.DoSignInUseCase - Here I Am: Class:DoSignInUseCase, Method: doSignIn, Action: create token user
05:03:44.917 [Test worker] INFO cl.global.logic.exercise.usecases.dosignin.DoSignInUseCase - Here I Am: Class:DoSignInUseCase, Method: doSignIn, Action: update user, Message: 1
05:03:44.918 [Test worker] INFO cl.global.logic.exercise.usecases.dosignin.DoSignInUseCase - Here I Am: Class:DoSignInUseCase, Method: doSignIn, Action: create response, Message: DoSignInResponse{token='eyJhbGciOiJIUzI1NiJ9', lastLogin='eyJhbGciOiJIUzI1NiJ9'}
05:03:44.924 [Test worker] DEBUG org.springframework.test.context.cache.DefaultCacheAwareContextLoaderDelegate - Retrieved ApplicationContext from cache with key [[MergedContextConfiguration@49287f6b testClass = DoSignInTest, locations = '{}', classes = '{}', contextInitializerClasses = '[]', activeProfiles = '{}', propertySourceLocations = '{}', propertySourceProperties = '{}', contextCustomizers = set[org.springframework.boot.test.autoconfigure.properties.PropertyMappingContextCustomizer@0, org.springframework.boot.test.autoconfigure.web.servlet.WebDriverContextCustomizerFactory$Customizer@61d85e47, org.springframework.boot.test.context.filter.ExcludeFilterContextCustomizer@639c8f13, org.springframework.boot.test.json.DuplicateJsonObjectContextCustomizerFactory$DuplicateJsonObjectContextCustomizer@2dae8fe2, org.springframework.boot.test.mock.mockito.MockitoContextCustomizer@22601916], contextLoader = 'org.springframework.test.context.support.DelegatingSmartContextLoader', parent = [null]]]
05:03:44.924 [Test worker] DEBUG org.springframework.test.context.cache - Spring test ApplicationContext cache statistics: [DefaultContextCache@7b9dea54 size = 1, maxSize = 32, parentContextCount = 0, hitCount = 9, missCount = 1]
05:03:44.925 [Test worker] DEBUG org.springframework.test.context.cache.DefaultCacheAwareContextLoaderDelegate - Retrieved ApplicationContext from cache with key [[MergedContextConfiguration@49287f6b testClass = DoSignInTest, locations = '{}', classes = '{}', contextInitializerClasses = '[]', activeProfiles = '{}', propertySourceLocations = '{}', propertySourceProperties = '{}', contextCustomizers = set[org.springframework.boot.test.autoconfigure.properties.PropertyMappingContextCustomizer@0, org.springframework.boot.test.autoconfigure.web.servlet.WebDriverContextCustomizerFactory$Customizer@61d85e47, org.springframework.boot.test.context.filter.ExcludeFilterContextCustomizer@639c8f13, org.springframework.boot.test.json.DuplicateJsonObjectContextCustomizerFactory$DuplicateJsonObjectContextCustomizer@2dae8fe2, org.springframework.boot.test.mock.mockito.MockitoContextCustomizer@22601916], contextLoader = 'org.springframework.test.context.support.DelegatingSmartContextLoader', parent = [null]]]
05:03:44.925 [Test worker] DEBUG org.springframework.test.context.cache - Spring test ApplicationContext cache statistics: [DefaultContextCache@7b9dea54 size = 1, maxSize = 32, parentContextCount = 0, hitCount = 10, missCount = 1]
05:03:44.926 [Test worker] DEBUG org.springframework.test.context.cache.DefaultCacheAwareContextLoaderDelegate - Retrieved ApplicationContext from cache with key [[MergedContextConfiguration@49287f6b testClass = DoSignInTest, locations = '{}', classes = '{}', contextInitializerClasses = '[]', activeProfiles = '{}', propertySourceLocations = '{}', propertySourceProperties = '{}', contextCustomizers = set[org.springframework.boot.test.autoconfigure.properties.PropertyMappingContextCustomizer@0, org.springframework.boot.test.autoconfigure.web.servlet.WebDriverContextCustomizerFactory$Customizer@61d85e47, org.springframework.boot.test.context.filter.ExcludeFilterContextCustomizer@639c8f13, org.springframework.boot.test.json.DuplicateJsonObjectContextCustomizerFactory$DuplicateJsonObjectContextCustomizer@2dae8fe2, org.springframework.boot.test.mock.mockito.MockitoContextCustomizer@22601916], contextLoader = 'org.springframework.test.context.support.DelegatingSmartContextLoader', parent = [null]]]
05:03:44.926 [Test worker] DEBUG org.springframework.test.context.cache - Spring test ApplicationContext cache statistics: [DefaultContextCache@7b9dea54 size = 1, maxSize = 32, parentContextCount = 0, hitCount = 11, missCount = 1]
05:03:44.928 [Test worker] DEBUG org.springframework.test.context.support.AbstractDirtiesContextTestExecutionListener - After test method: context [DefaultTestContext@6afd250b testClass = DoSignInTest, testInstance = cl.global.logic.exercise.usecase.dosignin.DoSignInTest@559cd82e, testMethod = itShouldDoSignInWhenApiSuccess@DoSignInTest, testException = [null], mergedContextConfiguration = [MergedContextConfiguration@49287f6b testClass = DoSignInTest, locations = '{}', classes = '{}', contextInitializerClasses = '[]', activeProfiles = '{}', propertySourceLocations = '{}', propertySourceProperties = '{}', contextCustomizers = set[org.springframework.boot.test.autoconfigure.properties.PropertyMappingContextCustomizer@0, org.springframework.boot.test.autoconfigure.web.servlet.WebDriverContextCustomizerFactory$Customizer@61d85e47, org.springframework.boot.test.context.filter.ExcludeFilterContextCustomizer@639c8f13, org.springframework.boot.test.json.DuplicateJsonObjectContextCustomizerFactory$DuplicateJsonObjectContextCustomizer@2dae8fe2, org.springframework.boot.test.mock.mockito.MockitoContextCustomizer@22601916], contextLoader = 'org.springframework.test.context.support.DelegatingSmartContextLoader', parent = [null]], attributes = map[[empty]]], class annotated with @DirtiesContext [false] with mode [null], method annotated with @DirtiesContext [false] with mode [null].
05:03:44.929 [Test worker] DEBUG org.springframework.test.context.support.AbstractDirtiesContextTestExecutionListener - After test class: context [DefaultTestContext@6afd250b testClass = DoSignInTest, testInstance = [null], testMethod = [null], testException = [null], mergedContextConfiguration = [MergedContextConfiguration@49287f6b testClass = DoSignInTest, locations = '{}', classes = '{}', contextInitializerClasses = '[]', activeProfiles = '{}', propertySourceLocations = '{}', propertySourceProperties = '{}', contextCustomizers = set[org.springframework.boot.test.autoconfigure.properties.PropertyMappingContextCustomizer@0, org.springframework.boot.test.autoconfigure.web.servlet.WebDriverContextCustomizerFactory$Customizer@61d85e47, org.springframework.boot.test.context.filter.ExcludeFilterContextCustomizer@639c8f13, org.springframework.boot.test.json.DuplicateJsonObjectContextCustomizerFactory$DuplicateJsonObjectContextCustomizer@2dae8fe2, org.springframework.boot.test.mock.mockito.MockitoContextCustomizer@22601916], contextLoader = 'org.springframework.test.context.support.DelegatingSmartContextLoader', parent = [null]], attributes = map[[empty]]], class annotated with @DirtiesContext [false] with mode [null].
]]></system-out>
  <system-err><![CDATA[]]></system-err>
</testsuite>
